<?xml version="1.0" encoding="UTF-8"?>
<testsuite xmlns:xsi="http://www.w3.org/2001/XMLSchema-instance" xsi:noNamespaceSchemaLocation="https://maven.apache.org/surefire/maven-surefire-plugin/xsd/surefire-test-report-3.0.xsd" version="3.0" name="com.wallhack.weathermap.Service.LocationsServiceTest" time="1.298" tests="7" errors="0" skipped="0" failures="0">
  <properties>
[...]
</properties>
  <testcase name="insertTest" classname="com.wallhack.weathermap.Service.LocationsServiceTest" time="1.208"/>
  <testcase name="updateTest" classname="com.wallhack.weathermap.Service.LocationsServiceTest" time="0.009"/>
  <testcase name="findByCoordinates" classname="com.wallhack.weathermap.Service.LocationsServiceTest" time="0.006"/>
  <testcase name="findByIdTest" classname="com.wallhack.weathermap.Service.LocationsServiceTest" time="0.006"/>
  <testcase name="findAllTest" classname="com.wallhack.weathermap.Service.LocationsServiceTest" time="0.007"/>
  <testcase name="findByNameTest" classname="com.wallhack.weathermap.Service.LocationsServiceTest" time="0.008"/>
  <testcase name="deleteByIdTest" classname="com.wallhack.weathermap.Service.LocationsServiceTest" time="0.009"/>
</testsuite>